2020-02-14 19:26:14,101 [Worker-3: Loading available Gradle versions] INFO  o.e.b.c.i.u.g.PublishedGradleVersions - Gradle version information cache is up-to-date. Trying to read.
2020-02-14 19:26:45,065 [Worker-5: Updating Maven Dependencies] INFO  o.e.m.c.i.l.LifecycleMappingFactory - Using NULL lifecycle mapping for MavenProject: us.codecraft:webmagic-parent:0.7.3 @ F:\impo\ap\maven\webmagic-master\pom.xml.
2020-02-16 19:31:01,465 [Worker-4: Loading available Gradle versions] INFO  o.e.b.c.i.u.g.PublishedGradleVersions - Gradle version information cache is out-of-date. Trying to update.
2020-02-16 20:09:53,708 [Worker-0: Loading available Gradle versions] INFO  o.e.b.c.i.u.g.PublishedGradleVersions - Gradle version information cache is up-to-date. Trying to read.
2020-03-12 16:13:04,871 [Worker-5: Loading available Gradle versions] INFO  o.e.b.c.i.u.g.PublishedGradleVersions - Gradle version information cache is up-to-date. Trying to read.
2020-03-13 20:15:39,639 [Worker-69: Launching Executing install in F__impo_ap_maven_webmagic-master] INFO  o.e.m.i.launch.MavenLaunchDelegate - F:\impo\ap\maven\webmagic-master
2020-03-13 20:15:39,644 [Worker-69: Launching Executing install in F__impo_ap_maven_webmagic-master] INFO  o.e.m.i.launch.MavenLaunchDelegate -  mvn -B -gs F:\impo\ap\maven\apache-maven-3.6.1\conf\settings.xml install
2020-03-13 20:15:59,176 [main] ERROR o.e.m2e.actions.ExecutePomAction - Skipping launch configuration zhku.springmvc1
org.eclipse.core.runtime.CoreException: Variable references non-existent resource : ${project_loc:boot-1}
	at org.eclipse.debug.internal.core.variables.ResourceResolver.abort(ResourceResolver.java:112) ~[na:na]
	at org.eclipse.debug.internal.core.variables.ResourceResolver.resolveValue(ResourceResolver.java:58) ~[na:na]
	at org.eclipse.core.internal.variables.DynamicVariable.getValue(DynamicVariable.java:56) ~[na:na]
	at org.eclipse.core.internal.variables.StringSubstitutionEngine.resolve(StringSubstitutionEngine.java:272) ~[na:na]
	at org.eclipse.core.internal.variables.StringSubstitutionEngine.substitute(StringSubstitutionEngine.java:195) ~[na:na]
	at org.eclipse.core.internal.variables.StringSubstitutionEngine.performStringSubstitution(StringSubstitutionEngine.java:90) ~[na:na]
	at org.eclipse.core.internal.variables.StringVariableManager.performStringSubstitution(StringVariableManager.java:547) ~[na:na]
	at org.eclipse.core.internal.variables.StringVariableManager.performStringSubstitution(StringVariableManager.java:347) ~[na:na]
	at org.eclipse.m2e.internal.launch.LaunchingUtils.substituteVar(LaunchingUtils.java:30) ~[na:na]
	at org.eclipse.m2e.actions.ExecutePomAction.getLaunchConfiguration(ExecutePomAction.java:292) ~[na:na]
	at org.eclipse.m2e.actions.ExecutePomAction.launch(ExecutePomAction.java:140) ~[na:na]
	at org.eclipse.m2e.actions.ExecutePomAction.launch(ExecutePomAction.java:129) ~[na:na]
	at org.eclipse.debug.internal.ui.launchConfigurations.LaunchShortcutExtension.launch(LaunchShortcutExtension.java:430) ~[na:na]
	at org.eclipse.debug.internal.ui.actions.LaunchShortcutAction.runInternal(LaunchShortcutAction.java:88) ~[na:na]
	at org.eclipse.debug.internal.ui.actions.LaunchShortcutAction.runWithEvent(LaunchShortcutAction.java:135) ~[na:na]
	at org.eclipse.jface.action.ActionContributionItem.handleWidgetSelection(ActionContributionItem.java:579) ~[org.eclipse.jface_3.18.0.v20191122-2109.jar:na]
	at org.eclipse.jface.action.ActionContributionItem.lambda$4(ActionContributionItem.java:413) ~[org.eclipse.jface_3.18.0.v20191122-2109.jar:na]
	at org.eclipse.swt.widgets.EventTable.sendEvent(EventTable.java:89) ~[org.eclipse.swt.win32.win32.x86_64_3.113.0.v20191204-0601.jar:na]
	at org.eclipse.swt.widgets.Display.sendEvent(Display.java:4175) ~[org.eclipse.swt.win32.win32.x86_64_3.113.0.v20191204-0601.jar:na]
	at org.eclipse.swt.widgets.Widget.sendEvent(Widget.java:1057) ~[org.eclipse.swt.win32.win32.x86_64_3.113.0.v20191204-0601.jar:na]
	at org.eclipse.swt.widgets.Display.runDeferredEvents(Display.java:3988) ~[org.eclipse.swt.win32.win32.x86_64_3.113.0.v20191204-0601.jar:na]
	at org.eclipse.swt.widgets.Display.readAndDispatch(Display.java:3587) ~[org.eclipse.swt.win32.win32.x86_64_3.113.0.v20191204-0601.jar:na]
	at org.eclipse.e4.ui.internal.workbench.swt.PartRenderingEngine$5.run(PartRenderingEngine.java:1160) ~[na:na]
	at org.eclipse.core.databinding.observable.Realm.runWithDefault(Realm.java:338) ~[na:na]
	at org.eclipse.e4.ui.internal.workbench.swt.PartRenderingEngine.run(PartRenderingEngine.java:1049) ~[na:na]
	at org.eclipse.e4.ui.internal.workbench.E4Workbench.createAndRunUI(E4Workbench.java:155) ~[na:na]
	at org.eclipse.ui.internal.Workbench.lambda$3(Workbench.java:660) ~[na:na]
	at org.eclipse.core.databinding.observable.Realm.runWithDefault(Realm.java:338) ~[na:na]
	at org.eclipse.ui.internal.Workbench.createAndRunWorkbench(Workbench.java:559) ~[na:na]
	at org.eclipse.ui.PlatformUI.createAndRunWorkbench(PlatformUI.java:154) ~[na:na]
	at org.eclipse.ui.internal.ide.application.IDEApplication.start(IDEApplication.java:150) ~[na:na]
	at org.eclipse.equinox.internal.app.EclipseAppHandle.run(EclipseAppHandle.java:203) ~[org.eclipse.equinox.app_1.4.300.v20190815-1535.jar:na]
	at org.eclipse.core.runtime.internal.adaptor.EclipseAppLauncher.runApplication(EclipseAppLauncher.java:137) ~[org.eclipse.osgi_3.15.100.v20191114-1701.jar:na]
	at org.eclipse.core.runtime.internal.adaptor.EclipseAppLauncher.start(EclipseAppLauncher.java:107) ~[org.eclipse.osgi_3.15.100.v20191114-1701.jar:na]
	at org.eclipse.core.runtime.adaptor.EclipseStarter.run(EclipseStarter.java:401) ~[org.eclipse.osgi_3.15.100.v20191114-1701.jar:na]
	at org.eclipse.core.runtime.adaptor.EclipseStarter.run(EclipseStarter.java:255) ~[org.eclipse.osgi_3.15.100.v20191114-1701.jar:na]
	at java.base/jdk.internal.reflect.NativeMethodAccessorImpl.invoke0(Native Method) ~[na:na]
	at java.base/jdk.internal.reflect.NativeMethodAccessorImpl.invoke(NativeMethodAccessorImpl.java:62) ~[na:na]
	at java.base/jdk.internal.reflect.DelegatingMethodAccessorImpl.invoke(DelegatingMethodAccessorImpl.java:43) ~[na:na]
	at java.base/java.lang.reflect.Method.invoke(Method.java:567) ~[na:na]
	at org.eclipse.equinox.launcher.Main.invokeFramework(Main.java:657) ~[org.eclipse.equinox.launcher_1.5.600.v20191014-2022.jar:na]
	at org.eclipse.equinox.launcher.Main.basicRun(Main.java:594) ~[org.eclipse.equinox.launcher_1.5.600.v20191014-2022.jar:na]
	at org.eclipse.equinox.launcher.Main.run(Main.java:1465) ~[org.eclipse.equinox.launcher_1.5.600.v20191014-2022.jar:na]
2020-03-13 20:15:59,212 [main] INFO  o.e.m2e.actions.ExecutePomAction - Using existing launch configuration
2020-03-13 20:16:24,983 [main] INFO  o.e.m2e.actions.ExecutePomAction - Creating new launch configuration
2020-03-13 20:16:27,374 [Worker-58: Launching webmagic-master (1)] INFO  o.e.m.i.launch.MavenLaunchDelegate - F:\impo\ap\maven\webmagic-master
2020-03-13 20:16:27,376 [Worker-58: Launching webmagic-master (1)] INFO  o.e.m.i.launch.MavenLaunchDelegate -  mvn -B -gs F:\impo\ap\maven\apache-maven-3.6.1\conf\settings.xml 
2020-03-13 20:16:27,377 [Worker-58: Launching webmagic-master (1)] WARN  o.e.m.i.l.MavenLaunchExtensionsSupport - Unknown or unsupported source locator org.eclipse.jdt.internal.launching.sourcelookup.advanced.AdvancedSourceLookupDirector
2020-03-13 20:18:56,906 [Worker-70: Launching Executing clean in F__impo_ap_maven_webmagic-master] INFO  o.e.m.i.launch.MavenLaunchDelegate - F:\impo\ap\maven\webmagic-master
2020-03-13 20:18:56,907 [Worker-70: Launching Executing clean in F__impo_ap_maven_webmagic-master] INFO  o.e.m.i.launch.MavenLaunchDelegate -  mvn -B -gs F:\impo\ap\maven\apache-maven-3.6.1\conf\settings.xml clean
2020-03-13 20:19:15,546 [main] ERROR o.e.m2e.actions.ExecutePomAction - Skipping launch configuration zhku.springmvc1
org.eclipse.core.runtime.CoreException: Variable references non-existent resource : ${project_loc:boot-1}
	at org.eclipse.debug.internal.core.variables.ResourceResolver.abort(ResourceResolver.java:112) ~[na:na]
	at org.eclipse.debug.internal.core.variables.ResourceResolver.resolveValue(ResourceResolver.java:58) ~[na:na]
	at org.eclipse.core.internal.variables.DynamicVariable.getValue(DynamicVariable.java:56) ~[na:na]
	at org.eclipse.core.internal.variables.StringSubstitutionEngine.resolve(StringSubstitutionEngine.java:272) ~[na:na]
	at org.eclipse.core.internal.variables.StringSubstitutionEngine.substitute(StringSubstitutionEngine.java:195) ~[na:na]
	at org.eclipse.core.internal.variables.StringSubstitutionEngine.performStringSubstitution(StringSubstitutionEngine.java:90) ~[na:na]
	at org.eclipse.core.internal.variables.StringVariableManager.performStringSubstitution(StringVariableManager.java:547) ~[na:na]
	at org.eclipse.core.internal.variables.StringVariableManager.performStringSubstitution(StringVariableManager.java:347) ~[na:na]
	at org.eclipse.m2e.internal.launch.LaunchingUtils.substituteVar(LaunchingUtils.java:30) ~[na:na]
	at org.eclipse.m2e.actions.ExecutePomAction.getLaunchConfiguration(ExecutePomAction.java:292) ~[na:na]
	at org.eclipse.m2e.actions.ExecutePomAction.launch(ExecutePomAction.java:140) ~[na:na]
	at org.eclipse.m2e.actions.ExecutePomAction.launch(ExecutePomAction.java:129) ~[na:na]
	at org.eclipse.debug.internal.ui.launchConfigurations.LaunchShortcutExtension.launch(LaunchShortcutExtension.java:430) ~[na:na]
	at org.eclipse.debug.internal.ui.actions.LaunchShortcutAction.runInternal(LaunchShortcutAction.java:88) ~[na:na]
	at org.eclipse.debug.internal.ui.actions.LaunchShortcutAction.runWithEvent(LaunchShortcutAction.java:135) ~[na:na]
	at org.eclipse.jface.action.ActionContributionItem.handleWidgetSelection(ActionContributionItem.java:579) ~[org.eclipse.jface_3.18.0.v20191122-2109.jar:na]
	at org.eclipse.jface.action.ActionContributionItem.lambda$4(ActionContributionItem.java:413) ~[org.eclipse.jface_3.18.0.v20191122-2109.jar:na]
	at org.eclipse.swt.widgets.EventTable.sendEvent(EventTable.java:89) ~[org.eclipse.swt.win32.win32.x86_64_3.113.0.v20191204-0601.jar:na]
	at org.eclipse.swt.widgets.Display.sendEvent(Display.java:4175) ~[org.eclipse.swt.win32.win32.x86_64_3.113.0.v20191204-0601.jar:na]
	at org.eclipse.swt.widgets.Widget.sendEvent(Widget.java:1057) ~[org.eclipse.swt.win32.win32.x86_64_3.113.0.v20191204-0601.jar:na]
	at org.eclipse.swt.widgets.Widget.sendEvent(Widget.java:1081) ~[org.eclipse.swt.win32.win32.x86_64_3.113.0.v20191204-0601.jar:na]
	at org.eclipse.swt.widgets.Widget.sendEvent(Widget.java:1066) ~[org.eclipse.swt.win32.win32.x86_64_3.113.0.v20191204-0601.jar:na]
	at org.eclipse.swt.widgets.Widget.notifyListeners(Widget.java:780) ~[org.eclipse.swt.win32.win32.x86_64_3.113.0.v20191204-0601.jar:na]
	at org.eclipse.jface.action.ActionContributionItem.lambda$8(ActionContributionItem.java:1247) ~[org.eclipse.jface_3.18.0.v20191122-2109.jar:na]
	at org.eclipse.swt.widgets.EventTable.sendEvent(EventTable.java:89) ~[org.eclipse.swt.win32.win32.x86_64_3.113.0.v20191204-0601.jar:na]
	at org.eclipse.swt.widgets.Display.sendEvent(Display.java:4175) ~[org.eclipse.swt.win32.win32.x86_64_3.113.0.v20191204-0601.jar:na]
	at org.eclipse.swt.widgets.Widget.sendEvent(Widget.java:1057) ~[org.eclipse.swt.win32.win32.x86_64_3.113.0.v20191204-0601.jar:na]
	at org.eclipse.swt.widgets.Display.runDeferredEvents(Display.java:3988) ~[org.eclipse.swt.win32.win32.x86_64_3.113.0.v20191204-0601.jar:na]
	at org.eclipse.swt.widgets.Display.readAndDispatch(Display.java:3587) ~[org.eclipse.swt.win32.win32.x86_64_3.113.0.v20191204-0601.jar:na]
	at org.eclipse.e4.ui.internal.workbench.swt.PartRenderingEngine$5.run(PartRenderingEngine.java:1160) ~[na:na]
	at org.eclipse.core.databinding.observable.Realm.runWithDefault(Realm.java:338) ~[na:na]
	at org.eclipse.e4.ui.internal.workbench.swt.PartRenderingEngine.run(PartRenderingEngine.java:1049) ~[na:na]
	at org.eclipse.e4.ui.internal.workbench.E4Workbench.createAndRunUI(E4Workbench.java:155) ~[na:na]
	at org.eclipse.ui.internal.Workbench.lambda$3(Workbench.java:660) ~[na:na]
	at org.eclipse.core.databinding.observable.Realm.runWithDefault(Realm.java:338) ~[na:na]
	at org.eclipse.ui.internal.Workbench.createAndRunWorkbench(Workbench.java:559) ~[na:na]
	at org.eclipse.ui.PlatformUI.createAndRunWorkbench(PlatformUI.java:154) ~[na:na]
	at org.eclipse.ui.internal.ide.application.IDEApplication.start(IDEApplication.java:150) ~[na:na]
	at org.eclipse.equinox.internal.app.EclipseAppHandle.run(EclipseAppHandle.java:203) ~[org.eclipse.equinox.app_1.4.300.v20190815-1535.jar:na]
	at org.eclipse.core.runtime.internal.adaptor.EclipseAppLauncher.runApplication(EclipseAppLauncher.java:137) ~[org.eclipse.osgi_3.15.100.v20191114-1701.jar:na]
	at org.eclipse.core.runtime.internal.adaptor.EclipseAppLauncher.start(EclipseAppLauncher.java:107) ~[org.eclipse.osgi_3.15.100.v20191114-1701.jar:na]
	at org.eclipse.core.runtime.adaptor.EclipseStarter.run(EclipseStarter.java:401) ~[org.eclipse.osgi_3.15.100.v20191114-1701.jar:na]
	at org.eclipse.core.runtime.adaptor.EclipseStarter.run(EclipseStarter.java:255) ~[org.eclipse.osgi_3.15.100.v20191114-1701.jar:na]
	at java.base/jdk.internal.reflect.NativeMethodAccessorImpl.invoke0(Native Method) ~[na:na]
	at java.base/jdk.internal.reflect.NativeMethodAccessorImpl.invoke(NativeMethodAccessorImpl.java:62) ~[na:na]
	at java.base/jdk.internal.reflect.DelegatingMethodAccessorImpl.invoke(DelegatingMethodAccessorImpl.java:43) ~[na:na]
	at java.base/java.lang.reflect.Method.invoke(Method.java:567) ~[na:na]
	at org.eclipse.equinox.launcher.Main.invokeFramework(Main.java:657) ~[org.eclipse.equinox.launcher_1.5.600.v20191014-2022.jar:na]
	at org.eclipse.equinox.launcher.Main.basicRun(Main.java:594) ~[org.eclipse.equinox.launcher_1.5.600.v20191014-2022.jar:na]
	at org.eclipse.equinox.launcher.Main.run(Main.java:1465) ~[org.eclipse.equinox.launcher_1.5.600.v20191014-2022.jar:na]
2020-03-13 20:19:22,468 [Worker-58: Launching webmagic-master] INFO  o.e.m.i.launch.MavenLaunchDelegate - F:\impo\ap\maven\webmagic-master
2020-03-13 20:19:22,469 [Worker-58: Launching webmagic-master] INFO  o.e.m.i.launch.MavenLaunchDelegate -  mvn -B -gs F:\impo\ap\maven\apache-maven-3.6.1\conf\settings.xml 
2020-03-23 12:46:21,018 [Worker-0: Loading available Gradle versions] INFO  o.e.b.c.i.u.g.PublishedGradleVersions - Gradle version information cache is up-to-date. Trying to read.
2020-03-28 11:39:29,984 [Worker-2: Loading available Gradle versions] INFO  o.e.b.c.i.u.g.PublishedGradleVersions - Gradle version information cache is up-to-date. Trying to read.
2020-03-28 17:06:04,052 [Worker-0: Loading available Gradle versions] INFO  o.e.b.c.i.u.g.PublishedGradleVersions - Gradle version information cache is up-to-date. Trying to read.
2020-04-04 11:59:36,103 [Worker-7: Loading available Gradle versions] INFO  o.e.b.c.i.u.g.PublishedGradleVersions - Gradle version information cache is out-of-date. Trying to update.
2020-04-10 14:26:00,259 [Worker-3: Loading available Gradle versions] INFO  o.e.b.c.i.u.g.PublishedGradleVersions - Gradle version information cache is out-of-date. Trying to update.
2020-04-10 22:06:42,267 [Worker-4: Loading available Gradle versions] INFO  o.e.b.c.i.u.g.PublishedGradleVersions - Gradle version information cache is up-to-date. Trying to read.
2020-04-12 10:09:07,189 [Worker-2: Loading available Gradle versions] INFO  o.e.b.c.i.u.g.PublishedGradleVersions - Gradle version information cache is up-to-date. Trying to read.
2020-05-09 13:00:17,337 [Worker-3: Loading available Gradle versions] INFO  o.e.b.c.i.u.g.PublishedGradleVersions - Gradle version information cache is out-of-date. Trying to update.
2020-05-09 21:54:01,151 [Worker-3: Loading available Gradle versions] INFO  o.e.b.c.i.u.g.PublishedGradleVersions - Gradle version information cache is up-to-date. Trying to read.
2020-05-09 22:02:34,899 [Worker-3: Loading available Gradle versions] INFO  o.e.b.c.i.u.g.PublishedGradleVersions - Gradle version information cache is up-to-date. Trying to read.
