2019-03-29 20:58:17,624 [Worker-12] INFO  o.e.m.c.i.i.nexus.NexusIndexManager - Updating index for repository: central|http://repo1.maven.org/maven2
2019-03-29 20:58:21,608 [Worker-12] ERROR o.e.m.c.i.i.nexus.NexusIndexManager - Unable to update index for central|http://repo1.maven.org/maven2
java.io.IOException: Server returned status code 403: Forbidden
	at org.eclipse.m2e.core.internal.index.nexus.AsyncFetcher$PipedErrorInputStream.checkError(AsyncFetcher.java:253) ~[org.eclipse.m2e.core_1.0.100.20110804-1717.jar:na]
	at org.eclipse.m2e.core.internal.index.nexus.AsyncFetcher$PipedErrorInputStream.read(AsyncFetcher.java:261) ~[org.eclipse.m2e.core_1.0.100.20110804-1717.jar:na]
	at java.io.PipedInputStream.read(Unknown Source) ~[na:1.8.0_101]
	at java.io.InputStream.read(Unknown Source) ~[na:1.8.0_101]
	at java.util.Properties$LineReader.readLine(Unknown Source) ~[na:1.8.0_101]
	at java.util.Properties.load0(Unknown Source) ~[na:1.8.0_101]
	at java.util.Properties.load(Unknown Source) ~[na:1.8.0_101]
	at org.apache.maven.index.updater.DefaultIndexUpdater.downloadIndexProperties(DefaultIndexUpdater.java:457) ~[indexer-core-3.1.0.jar:3.1.0]
	at org.apache.maven.index.updater.DefaultIndexUpdater.access$100(DefaultIndexUpdater.java:75) ~[indexer-core-3.1.0.jar:3.1.0]
	at org.apache.maven.index.updater.DefaultIndexUpdater$IndexAdaptor.setProperties(DefaultIndexUpdater.java:607) ~[indexer-core-3.1.0.jar:3.1.0]
	at org.apache.maven.index.updater.DefaultIndexUpdater.fetchAndUpdateIndex(DefaultIndexUpdater.java:788) ~[indexer-core-3.1.0.jar:3.1.0]
	at org.apache.maven.index.updater.DefaultIndexUpdater.fetchAndUpdateIndex(DefaultIndexUpdater.java:135) ~[indexer-core-3.1.0.jar:3.1.0]
	at org.eclipse.m2e.core.internal.index.nexus.NexusIndexManager.updateRemoteIndex(NexusIndexManager.java:1124) [org.eclipse.m2e.core_1.0.100.20110804-1717.jar:na]
	at org.eclipse.m2e.core.internal.index.nexus.NexusIndexManager.updateIndex(NexusIndexManager.java:1081) [org.eclipse.m2e.core_1.0.100.20110804-1717.jar:na]
	at org.eclipse.m2e.core.internal.index.nexus.NexusIndexManager$1.run(NexusIndexManager.java:658) [org.eclipse.m2e.core_1.0.100.20110804-1717.jar:na]
	at org.eclipse.m2e.core.internal.index.nexus.IndexUpdaterJob.run(IndexUpdaterJob.java:71) [org.eclipse.m2e.core_1.0.100.20110804-1717.jar:na]
	at org.eclipse.core.internal.jobs.Worker.run(Worker.java:54) [org.eclipse.core.jobs_3.5.100.v20110404.jar:na]
java.io.IOException: Server returned status code 403: Forbidden
	at org.eclipse.m2e.core.internal.index.nexus.AsyncFetcher$MonitorListener.onStatus(AsyncFetcher.java:283) ~[na:na]
	at com.ning.http.client.SimpleAsyncHttpClient$BodyConsumerAsyncHandler.fireStatus(SimpleAsyncHttpClient.java:828) ~[na:na]
	at com.ning.http.client.SimpleAsyncHttpClient$BodyConsumerAsyncHandler.onStatusReceived(SimpleAsyncHttpClient.java:779) ~[na:na]
	at com.ning.http.client.providers.netty.NettyAsyncHttpProvider.updateStatusAndInterrupt(NettyAsyncHttpProvider.java:1439) ~[na:na]
	at com.ning.http.client.providers.netty.NettyAsyncHttpProvider.messageReceived(NettyAsyncHttpProvider.java:1170) ~[na:na]
	at org.jboss.netty.channel.SimpleChannelUpstreamHandler.handleUpstream(SimpleChannelUpstreamHandler.java:80) ~[na:na]
	at org.jboss.netty.channel.DefaultChannelPipeline.sendUpstream(DefaultChannelPipeline.java:545) ~[na:na]
	at org.jboss.netty.channel.DefaultChannelPipeline$DefaultChannelHandlerContext.sendUpstream(DefaultChannelPipeline.java:754) ~[na:na]
	at org.jboss.netty.handler.stream.ChunkedWriteHandler.handleUpstream(ChunkedWriteHandler.java:148) ~[na:na]
	at org.jboss.netty.channel.DefaultChannelPipeline.sendUpstream(DefaultChannelPipeline.java:545) ~[na:na]
	at org.jboss.netty.channel.DefaultChannelPipeline$DefaultChannelHandlerContext.sendUpstream(DefaultChannelPipeline.java:754) ~[na:na]
	at org.jboss.netty.handler.codec.http.HttpContentDecoder.messageReceived(HttpContentDecoder.java:104) ~[na:na]
	at org.jboss.netty.channel.SimpleChannelUpstreamHandler.handleUpstream(SimpleChannelUpstreamHandler.java:80) ~[na:na]
	at org.jboss.netty.channel.DefaultChannelPipeline.sendUpstream(DefaultChannelPipeline.java:545) ~[na:na]
	at org.jboss.netty.channel.DefaultChannelPipeline$DefaultChannelHandlerContext.sendUpstream(DefaultChannelPipeline.java:754) ~[na:na]
	at org.jboss.netty.channel.Channels.fireMessageReceived(Channels.java:302) ~[na:na]
	at org.jboss.netty.handler.codec.replay.ReplayingDecoder.unfoldAndfireMessageReceived(ReplayingDecoder.java:522) ~[na:na]
	at org.jboss.netty.handler.codec.replay.ReplayingDecoder.callDecode(ReplayingDecoder.java:506) ~[na:na]
	at org.jboss.netty.handler.codec.replay.ReplayingDecoder.messageReceived(ReplayingDecoder.java:443) ~[na:na]
	at org.jboss.netty.channel.SimpleChannelUpstreamHandler.handleUpstream(SimpleChannelUpstreamHandler.java:80) ~[na:na]
	at org.jboss.netty.handler.codec.http.HttpClientCodec.handleUpstream(HttpClientCodec.java:77) ~[na:na]
	at org.jboss.netty.channel.DefaultChannelPipeline.sendUpstream(DefaultChannelPipeline.java:545) ~[na:na]
	at org.jboss.netty.channel.DefaultChannelPipeline.sendUpstream(DefaultChannelPipeline.java:540) ~[na:na]
	at org.jboss.netty.channel.Channels.fireMessageReceived(Channels.java:274) ~[na:na]
	at org.jboss.netty.channel.Channels.fireMessageReceived(Channels.java:261) ~[na:na]
	at org.jboss.netty.channel.socket.nio.NioWorker.read(NioWorker.java:349) ~[na:na]
	at org.jboss.netty.channel.socket.nio.NioWorker.processSelectedKeys(NioWorker.java:280) ~[na:na]
	at org.jboss.netty.channel.socket.nio.NioWorker.run(NioWorker.java:200) ~[na:na]
	at org.jboss.netty.util.ThreadRenamingRunnable.run(ThreadRenamingRunnable.java:108) ~[na:na]
	at org.jboss.netty.util.internal.DeadLockProofWorker$1.run(DeadLockProofWorker.java:44) ~[na:na]
	at java.util.concurrent.ThreadPoolExecutor.runWorker(Unknown Source) ~[na:1.8.0_101]
	at java.util.concurrent.ThreadPoolExecutor$Worker.run(Unknown Source) ~[na:1.8.0_101]
	at java.lang.Thread.run(Unknown Source) ~[na:1.8.0_101]
2020-02-14 19:23:36,574 [Worker-1: Loading available Gradle versions] INFO  o.e.b.c.i.u.g.PublishedGradleVersions - Gradle version information cache is up-to-date. Trying to read.
2020-02-16 20:10:12,917 [Worker-5: Loading available Gradle versions] INFO  o.e.b.c.i.u.g.PublishedGradleVersions - Gradle version information cache is up-to-date. Trying to read.
2020-03-10 13:33:36,560 [Worker-0: Loading available Gradle versions] INFO  o.e.b.c.i.u.g.PublishedGradleVersions - Gradle version information cache is out-of-date. Trying to update.
2020-03-12 16:12:06,230 [Worker-0: Loading available Gradle versions] INFO  o.e.b.c.i.u.g.PublishedGradleVersions - Gradle version information cache is out-of-date. Trying to update.
2020-03-13 21:01:59,717 [Worker-2: Loading available Gradle versions] INFO  o.e.b.c.i.u.g.PublishedGradleVersions - Gradle version information cache is out-of-date. Trying to update.
2020-03-14 11:29:45,549 [Worker-2: Loading available Gradle versions] INFO  o.e.b.c.i.u.g.PublishedGradleVersions - Gradle version information cache is up-to-date. Trying to read.
2020-03-14 13:01:16,201 [Worker-3: Loading available Gradle versions] INFO  o.e.b.c.i.u.g.PublishedGradleVersions - Gradle version information cache is up-to-date. Trying to read.
2020-03-14 13:03:44,131 [main] ERROR o.e.m.c.i.p.r.ProjectRegistryReader - Can't read workspace state
java.io.InvalidClassException: org.eclipse.m2e.core.internal.project.registry.BasicProjectRegistry; local class incompatible: stream classdesc serialVersionUID = 5542512601401896748, local class serialVersionUID = 6232274446642339434
	at java.base/java.io.ObjectStreamClass.initNonProxy(ObjectStreamClass.java:689) ~[na:na]
	at java.base/java.io.ObjectInputStream.readNonProxyDesc(ObjectInputStream.java:1903) ~[na:na]
	at java.base/java.io.ObjectInputStream.readClassDesc(ObjectInputStream.java:1772) ~[na:na]
	at java.base/java.io.ObjectInputStream.readNonProxyDesc(ObjectInputStream.java:1903) ~[na:na]
	at java.base/java.io.ObjectInputStream.readClassDesc(ObjectInputStream.java:1772) ~[na:na]
	at java.base/java.io.ObjectInputStream.readOrdinaryObject(ObjectInputStream.java:2060) ~[na:na]
	at java.base/java.io.ObjectInputStream.readObject0(ObjectInputStream.java:1594) ~[na:na]
	at java.base/java.io.ObjectInputStream.readObject(ObjectInputStream.java:430) ~[na:na]
	at org.eclipse.m2e.core.internal.project.registry.ProjectRegistryReader.readWorkspaceState(ProjectRegistryReader.java:103) ~[na:na]
	at org.eclipse.m2e.core.internal.project.registry.ProjectRegistryManager.<init>(ProjectRegistryManager.java:179) ~[na:na]
	at org.eclipse.m2e.core.internal.MavenPluginActivator.start(MavenPluginActivator.java:239) ~[na:na]
	at org.eclipse.osgi.internal.framework.BundleContextImpl$3.run(BundleContextImpl.java:842) ~[org.eclipse.osgi_3.15.100.v20191114-1701.jar:na]
	at org.eclipse.osgi.internal.framework.BundleContextImpl$3.run(BundleContextImpl.java:1) ~[org.eclipse.osgi_3.15.100.v20191114-1701.jar:na]
	at java.base/java.security.AccessController.doPrivileged(AccessController.java:551) ~[na:na]
	at org.eclipse.osgi.internal.framework.BundleContextImpl.startActivator(BundleContextImpl.java:834) ~[org.eclipse.osgi_3.15.100.v20191114-1701.jar:na]
	at org.eclipse.osgi.internal.framework.BundleContextImpl.start(BundleContextImpl.java:791) ~[org.eclipse.osgi_3.15.100.v20191114-1701.jar:na]
	at org.eclipse.osgi.internal.framework.EquinoxBundle.startWorker0(EquinoxBundle.java:1015) ~[org.eclipse.osgi_3.15.100.v20191114-1701.jar:na]
	at org.eclipse.osgi.internal.framework.EquinoxBundle$EquinoxModule.startWorker(EquinoxBundle.java:365) ~[org.eclipse.osgi_3.15.100.v20191114-1701.jar:na]
	at org.eclipse.osgi.container.Module.doStart(Module.java:603) ~[org.eclipse.osgi_3.15.100.v20191114-1701.jar:na]
	at org.eclipse.osgi.container.Module.start(Module.java:467) ~[org.eclipse.osgi_3.15.100.v20191114-1701.jar:na]
	at org.eclipse.osgi.framework.util.SecureAction.start(SecureAction.java:493) ~[org.eclipse.osgi_3.15.100.v20191114-1701.jar:na]
	at org.eclipse.osgi.internal.hooks.EclipseLazyStarter.postFindLocalClass(EclipseLazyStarter.java:117) ~[na:na]
	at org.eclipse.osgi.internal.loader.classpath.ClasspathManager.findLocalClass(ClasspathManager.java:571) ~[org.eclipse.osgi_3.15.100.v20191114-1701.jar:na]
	at org.eclipse.osgi.internal.loader.ModuleClassLoader.findLocalClass(ModuleClassLoader.java:346) ~[org.eclipse.osgi_3.15.100.v20191114-1701.jar:na]
	at org.eclipse.osgi.internal.loader.BundleLoader.findLocalClass(BundleLoader.java:398) ~[org.eclipse.osgi_3.15.100.v20191114-1701.jar:na]
	at org.eclipse.osgi.internal.loader.sources.SingleSourcePackage.loadClass(SingleSourcePackage.java:41) ~[org.eclipse.osgi_3.15.100.v20191114-1701.jar:na]
	at org.eclipse.osgi.internal.loader.BundleLoader.findClassInternal(BundleLoader.java:472) ~[org.eclipse.osgi_3.15.100.v20191114-1701.jar:na]
	at org.eclipse.osgi.internal.loader.BundleLoader.findClass(BundleLoader.java:425) ~[org.eclipse.osgi_3.15.100.v20191114-1701.jar:na]
	at org.eclipse.osgi.internal.loader.BundleLoader.findClass(BundleLoader.java:417) ~[org.eclipse.osgi_3.15.100.v20191114-1701.jar:na]
	at org.eclipse.osgi.internal.loader.ModuleClassLoader.loadClass(ModuleClassLoader.java:171) ~[org.eclipse.osgi_3.15.100.v20191114-1701.jar:na]
	at java.base/java.lang.ClassLoader.loadClass(ClassLoader.java:521) ~[na:na]
	at java.base/java.lang.Class.getDeclaredConstructors0(Native Method) ~[na:na]
	at java.base/java.lang.Class.privateGetDeclaredConstructors(Class.java:3143) ~[na:na]
	at java.base/java.lang.Class.getConstructor0(Class.java:3348) ~[na:na]
	at java.base/java.lang.Class.getConstructor(Class.java:2157) ~[na:na]
	at org.eclipse.osgi.internal.framework.BundleContextImpl.loadBundleActivator(BundleContextImpl.java:825) ~[org.eclipse.osgi_3.15.100.v20191114-1701.jar:na]
	at org.eclipse.osgi.internal.framework.BundleContextImpl.start(BundleContextImpl.java:778) ~[org.eclipse.osgi_3.15.100.v20191114-1701.jar:na]
	at org.eclipse.osgi.internal.framework.EquinoxBundle.startWorker0(EquinoxBundle.java:1015) ~[org.eclipse.osgi_3.15.100.v20191114-1701.jar:na]
	at org.eclipse.osgi.internal.framework.EquinoxBundle$EquinoxModule.startWorker(EquinoxBundle.java:365) ~[org.eclipse.osgi_3.15.100.v20191114-1701.jar:na]
	at org.eclipse.osgi.container.Module.doStart(Module.java:603) ~[org.eclipse.osgi_3.15.100.v20191114-1701.jar:na]
	at org.eclipse.osgi.container.Module.start(Module.java:467) ~[org.eclipse.osgi_3.15.100.v20191114-1701.jar:na]
	at org.eclipse.osgi.framework.util.SecureAction.start(SecureAction.java:493) ~[org.eclipse.osgi_3.15.100.v20191114-1701.jar:na]
	at org.eclipse.osgi.internal.hooks.EclipseLazyStarter.postFindLocalClass(EclipseLazyStarter.java:117) ~[na:na]
	at org.eclipse.osgi.internal.loader.classpath.ClasspathManager.findLocalClass(ClasspathManager.java:571) ~[org.eclipse.osgi_3.15.100.v20191114-1701.jar:na]
	at org.eclipse.osgi.internal.loader.ModuleClassLoader.findLocalClass(ModuleClassLoader.java:346) ~[org.eclipse.osgi_3.15.100.v20191114-1701.jar:na]
	at org.eclipse.osgi.internal.loader.BundleLoader.findLocalClass(BundleLoader.java:398) ~[org.eclipse.osgi_3.15.100.v20191114-1701.jar:na]
	at org.eclipse.osgi.internal.loader.BundleLoader.findClassInternal(BundleLoader.java:476) ~[org.eclipse.osgi_3.15.100.v20191114-1701.jar:na]
	at org.eclipse.osgi.internal.loader.BundleLoader.findClass(BundleLoader.java:425) ~[org.eclipse.osgi_3.15.100.v20191114-1701.jar:na]
	at org.eclipse.osgi.internal.loader.BundleLoader.findClass(BundleLoader.java:417) ~[org.eclipse.osgi_3.15.100.v20191114-1701.jar:na]
	at org.eclipse.osgi.internal.loader.ModuleClassLoader.loadClass(ModuleClassLoader.java:171) ~[org.eclipse.osgi_3.15.100.v20191114-1701.jar:na]
	at java.base/java.lang.ClassLoader.loadClass(ClassLoader.java:521) ~[na:na]
	at org.eclipse.osgi.internal.framework.EquinoxBundle.loadClass(EquinoxBundle.java:620) ~[org.eclipse.osgi_3.15.100.v20191114-1701.jar:na]
	at org.eclipse.core.internal.registry.osgi.RegistryStrategyOSGI.createExecutableExtension(RegistryStrategyOSGI.java:196) ~[org.eclipse.equinox.registry_3.8.600.v20191017-2055.jar:na]
	at org.eclipse.core.internal.registry.ExtensionRegistry.createExecutableExtension(ExtensionRegistry.java:929) ~[org.eclipse.equinox.registry_3.8.600.v20191017-2055.jar:na]
	at org.eclipse.core.internal.registry.ConfigurationElement.createExecutableExtension(ConfigurationElement.java:246) ~[org.eclipse.equinox.registry_3.8.600.v20191017-2055.jar:na]
	at org.eclipse.core.internal.registry.ConfigurationElementHandle.createExecutableExtension(ConfigurationElementHandle.java:63) ~[org.eclipse.equinox.registry_3.8.600.v20191017-2055.jar:na]
	at org.eclipse.core.internal.adapter.AdapterFactoryProxy.loadFactory(AdapterFactoryProxy.java:142) ~[org.eclipse.equinox.registry_3.8.600.v20191017-2055.jar:na]
	at org.eclipse.core.internal.runtime.AdapterManager.getAdapter(AdapterManager.java:335) ~[org.eclipse.equinox.common_3.10.600.v20191004-1420.jar:na]
	at org.eclipse.core.internal.runtime.AdapterManager.loadAdapter(AdapterManager.java:367) ~[org.eclipse.equinox.common_3.10.600.v20191004-1420.jar:na]
	at org.eclipse.core.runtime.Adapters.queryAdapterManager(Adapters.java:118) ~[org.eclipse.equinox.common_3.10.600.v20191004-1420.jar:na]
	at org.eclipse.core.runtime.Adapters.adapt(Adapters.java:81) ~[org.eclipse.equinox.common_3.10.600.v20191004-1420.jar:na]
	at org.eclipse.core.runtime.Adapters.adapt(Adapters.java:112) ~[org.eclipse.equinox.common_3.10.600.v20191004-1420.jar:na]
	at org.eclipse.egit.ui.internal.selection.SelectionUtils.getSelectionContents(SelectionUtils.java:388) ~[na:na]
	at org.eclipse.egit.ui.internal.selection.SelectionUtils.getRepository(SelectionUtils.java:415) ~[na:na]
	at org.eclipse.egit.ui.internal.selection.SelectionUtils.getRepository(SelectionUtils.java:69) ~[na:na]
	at org.eclipse.egit.ui.internal.selection.RepositorySourceProvider.selectionChanged(RepositorySourceProvider.java:89) ~[na:na]
	at org.eclipse.ui.internal.e4.compatibility.SelectionService.notifyListeners(SelectionService.java:240) ~[na:na]
	at org.eclipse.ui.internal.e4.compatibility.SelectionService.handleSelectionChanged(SelectionService.java:94) ~[na:na]
	at org.eclipse.ui.internal.e4.compatibility.SelectionService.lambda$0(SelectionService.java:68) ~[na:na]
	at org.eclipse.e4.ui.internal.workbench.SelectionAggregator$1.run(SelectionAggregator.java:123) ~[na:na]
	at org.eclipse.core.runtime.SafeRunner.run(SafeRunner.java:45) ~[org.eclipse.equinox.common_3.10.600.v20191004-1420.jar:na]
	at org.eclipse.e4.ui.internal.workbench.SelectionAggregator.notifyListeners(SelectionAggregator.java:120) ~[na:na]
	at org.eclipse.e4.ui.internal.workbench.SelectionAggregator.access$2(SelectionAggregator.java:118) ~[na:na]
	at org.eclipse.e4.ui.internal.workbench.SelectionAggregator$5.lambda$0(SelectionAggregator.java:220) ~[na:na]
	at org.eclipse.e4.core.contexts.RunAndTrack.runExternalCode(RunAndTrack.java:59) ~[na:na]
	at org.eclipse.e4.ui.internal.workbench.SelectionAggregator$5.changed(SelectionAggregator.java:220) ~[na:na]
	at org.eclipse.e4.core.internal.contexts.TrackableComputationExt.update(TrackableComputationExt.java:108) ~[na:na]
	at org.eclipse.e4.core.internal.contexts.EclipseContext.processScheduled(EclipseContext.java:364) ~[na:na]
	at org.eclipse.e4.core.internal.contexts.EclipseContext.set(EclipseContext.java:379) ~[na:na]
	at org.eclipse.e4.ui.internal.workbench.SelectionServiceImpl.setSelection(SelectionServiceImpl.java:34) ~[na:na]
	at org.eclipse.ui.internal.e4.compatibility.CompatibilityPart.selectionChanged(CompatibilityPart.java:467) ~[na:na]
	at org.eclipse.jface.viewers.Viewer$1.run(Viewer.java:151) ~[org.eclipse.jface_3.18.0.v20191122-2109.jar:na]
	at org.eclipse.core.runtime.SafeRunner.run(SafeRunner.java:45) ~[org.eclipse.equinox.common_3.10.600.v20191004-1420.jar:na]
	at org.eclipse.ui.internal.JFaceUtil.lambda$0(JFaceUtil.java:47) ~[na:na]
	at org.eclipse.jface.util.SafeRunnable.run(SafeRunnable.java:174) ~[org.eclipse.jface_3.18.0.v20191122-2109.jar:na]
	at org.eclipse.jface.viewers.Viewer.fireSelectionChanged(Viewer.java:148) ~[org.eclipse.jface_3.18.0.v20191122-2109.jar:na]
	at org.eclipse.jface.viewers.StructuredViewer.updateSelection(StructuredViewer.java:2123) ~[org.eclipse.jface_3.18.0.v20191122-2109.jar:na]
	at org.eclipse.jface.viewers.StructuredViewer.handleSelect(StructuredViewer.java:1170) ~[org.eclipse.jface_3.18.0.v20191122-2109.jar:na]
	at org.eclipse.ui.navigator.CommonViewer.handleSelect(CommonViewer.java:466) ~[na:na]
	at org.eclipse.jface.viewers.StructuredViewer$4.widgetSelected(StructuredViewer.java:1199) ~[org.eclipse.jface_3.18.0.v20191122-2109.jar:na]
	at org.eclipse.jface.util.OpenStrategy.fireSelectionEvent(OpenStrategy.java:242) ~[org.eclipse.jface_3.18.0.v20191122-2109.jar:na]
	at org.eclipse.jface.util.OpenStrategy.access$4(OpenStrategy.java:237) ~[org.eclipse.jface_3.18.0.v20191122-2109.jar:na]
	at org.eclipse.jface.util.OpenStrategy$1.handleEvent(OpenStrategy.java:402) ~[org.eclipse.jface_3.18.0.v20191122-2109.jar:na]
	at org.eclipse.swt.widgets.EventTable.sendEvent(EventTable.java:89) ~[org.eclipse.swt.win32.win32.x86_64_3.113.0.v20191204-0601.jar:na]
	at org.eclipse.swt.widgets.Display.sendEvent(Display.java:4175) ~[org.eclipse.swt.win32.win32.x86_64_3.113.0.v20191204-0601.jar:na]
	at org.eclipse.swt.widgets.Widget.sendEvent(Widget.java:1057) ~[org.eclipse.swt.win32.win32.x86_64_3.113.0.v20191204-0601.jar:na]
	at org.eclipse.swt.widgets.Display.runDeferredEvents(Display.java:3988) ~[org.eclipse.swt.win32.win32.x86_64_3.113.0.v20191204-0601.jar:na]
	at org.eclipse.swt.widgets.Display.readAndDispatch(Display.java:3587) ~[org.eclipse.swt.win32.win32.x86_64_3.113.0.v20191204-0601.jar:na]
	at org.eclipse.e4.ui.internal.workbench.swt.PartRenderingEngine$5.run(PartRenderingEngine.java:1160) ~[na:na]
	at org.eclipse.core.databinding.observable.Realm.runWithDefault(Realm.java:338) ~[na:na]
	at org.eclipse.e4.ui.internal.workbench.swt.PartRenderingEngine.run(PartRenderingEngine.java:1049) ~[na:na]
	at org.eclipse.e4.ui.internal.workbench.E4Workbench.createAndRunUI(E4Workbench.java:155) ~[na:na]
	at org.eclipse.ui.internal.Workbench.lambda$3(Workbench.java:660) ~[na:na]
	at org.eclipse.core.databinding.observable.Realm.runWithDefault(Realm.java:338) ~[na:na]
	at org.eclipse.ui.internal.Workbench.createAndRunWorkbench(Workbench.java:559) ~[na:na]
	at org.eclipse.ui.PlatformUI.createAndRunWorkbench(PlatformUI.java:154) ~[na:na]
	at org.eclipse.ui.internal.ide.application.IDEApplication.start(IDEApplication.java:150) ~[na:na]
	at org.eclipse.equinox.internal.app.EclipseAppHandle.run(EclipseAppHandle.java:203) ~[org.eclipse.equinox.app_1.4.300.v20190815-1535.jar:na]
	at org.eclipse.core.runtime.internal.adaptor.EclipseAppLauncher.runApplication(EclipseAppLauncher.java:137) ~[org.eclipse.osgi_3.15.100.v20191114-1701.jar:na]
	at org.eclipse.core.runtime.internal.adaptor.EclipseAppLauncher.start(EclipseAppLauncher.java:107) ~[org.eclipse.osgi_3.15.100.v20191114-1701.jar:na]
	at org.eclipse.core.runtime.adaptor.EclipseStarter.run(EclipseStarter.java:401) ~[org.eclipse.osgi_3.15.100.v20191114-1701.jar:na]
	at org.eclipse.core.runtime.adaptor.EclipseStarter.run(EclipseStarter.java:255) ~[org.eclipse.osgi_3.15.100.v20191114-1701.jar:na]
	at java.base/jdk.internal.reflect.NativeMethodAccessorImpl.invoke0(Native Method) ~[na:na]
	at java.base/jdk.internal.reflect.NativeMethodAccessorImpl.invoke(NativeMethodAccessorImpl.java:62) ~[na:na]
	at java.base/jdk.internal.reflect.DelegatingMethodAccessorImpl.invoke(DelegatingMethodAccessorImpl.java:43) ~[na:na]
	at java.base/java.lang.reflect.Method.invoke(Method.java:567) ~[na:na]
	at org.eclipse.equinox.launcher.Main.invokeFramework(Main.java:657) ~[org.eclipse.equinox.launcher_1.5.600.v20191014-2022.jar:na]
	at org.eclipse.equinox.launcher.Main.basicRun(Main.java:594) ~[org.eclipse.equinox.launcher_1.5.600.v20191014-2022.jar:na]
	at org.eclipse.equinox.launcher.Main.run(Main.java:1465) ~[org.eclipse.equinox.launcher_1.5.600.v20191014-2022.jar:na]
2020-03-14 13:09:42,337 [Worker-3: Loading available Gradle versions] INFO  o.e.b.c.i.u.g.PublishedGradleVersions - Gradle version information cache is up-to-date. Trying to read.
2020-03-14 21:10:27,265 [Worker-0: Loading available Gradle versions] INFO  o.e.b.c.i.u.g.PublishedGradleVersions - Gradle version information cache is out-of-date. Trying to update.
2020-03-23 12:45:34,340 [Worker-3: Loading available Gradle versions] INFO  o.e.b.c.i.u.g.PublishedGradleVersions - Gradle version information cache is out-of-date. Trying to update.
2020-03-28 11:39:25,920 [Worker-1: Loading available Gradle versions] INFO  o.e.b.c.i.u.g.PublishedGradleVersions - Gradle version information cache is up-to-date. Trying to read.
2020-03-28 17:05:59,272 [Worker-2: Loading available Gradle versions] INFO  o.e.b.c.i.u.g.PublishedGradleVersions - Gradle version information cache is up-to-date. Trying to read.
2020-04-10 14:26:20,118 [Worker-1: Loading available Gradle versions] INFO  o.e.b.c.i.u.g.PublishedGradleVersions - Gradle version information cache is up-to-date. Trying to read.
2020-04-10 22:06:31,678 [Worker-0: Loading available Gradle versions] INFO  o.e.b.c.i.u.g.PublishedGradleVersions - Gradle version information cache is up-to-date. Trying to read.
2020-04-12 10:09:12,233 [Worker-1: Loading available Gradle versions] INFO  o.e.b.c.i.u.g.PublishedGradleVersions - Gradle version information cache is up-to-date. Trying to read.
2020-05-09 13:00:46,736 [Worker-0: Loading available Gradle versions] INFO  o.e.b.c.i.u.g.PublishedGradleVersions - Gradle version information cache is up-to-date. Trying to read.
2020-05-09 22:02:52,438 [Worker-4: Loading available Gradle versions] INFO  o.e.b.c.i.u.g.PublishedGradleVersions - Gradle version information cache is up-to-date. Trying to read.
